<?xml version="1.0" encoding="UTF-8"?>
<!-- Generated by org.testng.reporters.JUnitXMLReporter -->
<testsuite hostname="ICPL10451" name="AXS_NYSE_Company" tests="2" failures="2" timestamp="2 Dec 2016 09:58:41 GMT" time="0.076" errors="0">
  <testcase name="SearchCompany" time="0.02" classname="pageTests.TestMethod">
    <failure type="java.lang.UnsupportedClassVersionError" message="org/openqa/selenium/WebDriver : Unsupported major.minor version 52.0">
      <![CDATA[java.lang.UnsupportedClassVersionError: org/openqa/selenium/WebDriver : Unsupported major.minor version 52.0
	at java.lang.ClassLoader.defineClass1(Native Method)
	at java.lang.ClassLoader.defineClass(ClassLoader.java:800)
	at java.security.SecureClassLoader.defineClass(SecureClassLoader.java:142)
	at java.net.URLClassLoader.defineClass(URLClassLoader.java:449)
	at java.net.URLClassLoader.access$100(URLClassLoader.java:71)
	at java.net.URLClassLoader$1.run(URLClassLoader.java:361)
	at java.net.URLClassLoader$1.run(URLClassLoader.java:355)
	at java.security.AccessController.doPrivileged(Native Method)
	at java.net.URLClassLoader.findClass(URLClassLoader.java:354)
	at java.lang.ClassLoader.loadClass(ClassLoader.java:425)
	at sun.misc.Launcher$AppClassLoader.loadClass(Launcher.java:308)
	at java.lang.ClassLoader.loadClass(ClassLoader.java:358)
	at pageTests.TestMethod.SearchCompany(TestMethod.java:14)
... Removed 25 stack frames]]>
    </failure>
  </testcase> <!-- SearchCompany -->
  <testcase name="RetrieveCompanyData" time="0.005" classname="pageTests.TestMethod">
    <failure type="java.lang.UnsupportedClassVersionError" message="org/openqa/selenium/WebDriver : Unsupported major.minor version 52.0">
      <![CDATA[java.lang.UnsupportedClassVersionError: org/openqa/selenium/WebDriver : Unsupported major.minor version 52.0
	at java.lang.ClassLoader.defineClass1(Native Method)
	at java.lang.ClassLoader.defineClass(ClassLoader.java:800)
	at java.security.SecureClassLoader.defineClass(SecureClassLoader.java:142)
	at java.net.URLClassLoader.defineClass(URLClassLoader.java:449)
	at java.net.URLClassLoader.access$100(URLClassLoader.java:71)
	at java.net.URLClassLoader$1.run(URLClassLoader.java:361)
	at java.net.URLClassLoader$1.run(URLClassLoader.java:355)
	at java.security.AccessController.doPrivileged(Native Method)
	at java.net.URLClassLoader.findClass(URLClassLoader.java:354)
	at java.lang.ClassLoader.loadClass(ClassLoader.java:425)
	at sun.misc.Launcher$AppClassLoader.loadClass(Launcher.java:308)
	at java.lang.ClassLoader.loadClass(ClassLoader.java:358)
	at pageTests.TestMethod.RetrieveCompanyData(TestMethod.java:23)
... Removed 25 stack frames]]>
    </failure>
  </testcase> <!-- RetrieveCompanyData -->
</testsuite> <!-- AXS_NYSE_Company -->
