<?xml version="1.0" encoding="UTF-8"?>
<testsuite xmlns:xsi="http://www.w3.org/2001/XMLSchema-instance" xsi:schemaLocation="https://maven.apache.org/surefire/maven-surefire-plugin/xsd/surefire-test-report.xsd" name="TestSuite" time="41.752" tests="2" errors="0" skipped="0" failures="0">
  <properties>
[...]
</properties>
  <testcase name="SearchCompany" classname="pageTests.TestMethod" time="16.021"/>
  <testcase name="RetrieveCompanyData" classname="pageTests.TestMethod" time="0.128"/>
</testsuite>