<?xml version="1.0" encoding="UTF-8"?>
<testng-results skipped="0" failed="0" total="2" passed="2">
  <reporter-output>
  </reporter-output>
  <suite name="Suite" duration-ms="41092" started-at="2016-12-05T05:52:39Z" finished-at="2016-12-05T05:53:20Z">
    <groups>
    </groups>
    <test name="AXS_NYSE_Company" duration-ms="41092" started-at="2016-12-05T05:52:39Z" finished-at="2016-12-05T05:53:20Z">
      <class name="pageTests.TestMethod">
        <test-method status="PASS" signature="SearchCompany(java.lang.String)[pri:0, instance:pageTests.TestMethod@3833089c]" name="SearchCompany" duration-ms="16022" started-at="2016-12-05T11:23:04Z" finished-at="2016-12-05T11:23:20Z">
          <params>
            <param index="0">
              <value>
                <![CDATA[AXS]]>
              </value>
            </param>
          </params>
          <reporter-output>
          </reporter-output>
        </test-method> <!-- SearchCompany -->
        <test-method status="PASS" signature="RetrieveCompanyData(java.lang.String)[pri:0, instance:pageTests.TestMethod@3833089c]" name="RetrieveCompanyData" duration-ms="128" started-at="2016-12-05T11:23:20Z" finished-at="2016-12-05T11:23:20Z">
          <params>
            <param index="0">
              <value>
                <![CDATA[AXS]]>
              </value>
            </param>
          </params>
          <reporter-output>
          </reporter-output>
        </test-method> <!-- RetrieveCompanyData -->
      </class> <!-- pageTests.TestMethod -->
    </test> <!-- AXS_NYSE_Company -->
  </suite> <!-- Suite -->
</testng-results>
